2025-12-10 16:21:30,503 INFO o.a.j.u.JMeterUtils: Setting Locale to en_EN
2025-12-10 16:21:30,527 INFO o.a.j.JMeter: Loading user properties from: C:\apache-jmeter-5.6.3\bin\user.properties
2025-12-10 16:21:30,528 INFO o.a.j.JMeter: Loading system properties from: C:\apache-jmeter-5.6.3\bin\system.properties
2025-12-10 16:21:30,536 INFO o.a.j.JMeter: Copyright (c) 1998-2024 The Apache Software Foundation
2025-12-10 16:21:30,537 INFO o.a.j.JMeter: Version 5.6.3
2025-12-10 16:21:30,537 INFO o.a.j.JMeter: java.version=25
2025-12-10 16:21:30,537 INFO o.a.j.JMeter: java.vm.name=Java HotSpot(TM) 64-Bit Server VM
2025-12-10 16:21:30,537 INFO o.a.j.JMeter: os.name=Windows 10
2025-12-10 16:21:30,537 INFO o.a.j.JMeter: os.arch=amd64
2025-12-10 16:21:30,538 INFO o.a.j.JMeter: os.version=10.0
2025-12-10 16:21:30,538 INFO o.a.j.JMeter: file.encoding=UTF-8
2025-12-10 16:21:30,538 INFO o.a.j.JMeter: java.awt.headless=true
2025-12-10 16:21:30,538 INFO o.a.j.JMeter: Max memory     =1073741824
2025-12-10 16:21:30,538 INFO o.a.j.JMeter: Available Processors =4
2025-12-10 16:21:30,559 INFO o.a.j.JMeter: Default Locale=English (EN)
2025-12-10 16:21:30,559 INFO o.a.j.JMeter: JMeter  Locale=English (EN)
2025-12-10 16:21:30,559 INFO o.a.j.JMeter: JMeterHome=C:\apache-jmeter-5.6.3
2025-12-10 16:21:30,560 INFO o.a.j.JMeter: user.dir  =C:\jmeterxam
2025-12-10 16:21:30,560 INFO o.a.j.JMeter: PWD       =C:\jmeterxam
2025-12-10 16:21:30,563 INFO o.a.j.JMeter: IP: 172.19.37.227 Name: 814d2e9e0cf750c FullName: 172.19.37.227
2025-12-10 16:21:30,577 INFO o.a.j.JMeter: Setting property 'jmeter.reportgenerator.outputdir' to:'C:\jmeterxam\Results'
2025-12-10 16:21:30,580 INFO o.a.j.s.FileServer: Default base='C:\jmeterxam'
2025-12-10 16:21:30,581 INFO o.a.j.s.FileServer: Set new base='C:\jmeterxam'
2025-12-10 16:21:30,972 INFO o.a.j.s.SaveService: Testplan (JMX) version: 2.2. Testlog (JTL) version: 2.2
2025-12-10 16:21:31,000 INFO o.a.j.s.SaveService: Using SaveService properties version 5.0
2025-12-10 16:21:31,004 INFO o.a.j.s.SaveService: Using SaveService properties file encoding UTF-8
2025-12-10 16:21:31,008 INFO o.a.j.s.SaveService: Loading file: demoexam.jmx
2025-12-10 16:21:31,067 INFO o.a.j.p.h.c.CookieManager: Settings: Delete null: true Check: true Allow variable: true Save: false Prefix: COOKIE_
2025-12-10 16:21:31,074 INFO o.a.j.p.h.c.CacheManager: Will only cache the following methods: [GET]
2025-12-10 16:21:31,115 INFO o.a.j.p.h.s.HTTPSamplerBase: Parser for text/html is org.apache.jmeter.protocol.http.parser.LagartoBasedHtmlParser
2025-12-10 16:21:31,115 INFO o.a.j.p.h.s.HTTPSamplerBase: Parser for application/xhtml+xml is org.apache.jmeter.protocol.http.parser.LagartoBasedHtmlParser
2025-12-10 16:21:31,115 INFO o.a.j.p.h.s.HTTPSamplerBase: Parser for application/xml is org.apache.jmeter.protocol.http.parser.LagartoBasedHtmlParser
2025-12-10 16:21:31,115 INFO o.a.j.p.h.s.HTTPSamplerBase: Parser for text/xml is org.apache.jmeter.protocol.http.parser.LagartoBasedHtmlParser
2025-12-10 16:21:31,115 INFO o.a.j.p.h.s.HTTPSamplerBase: Parser for text/vnd.wap.wml is org.apache.jmeter.protocol.http.parser.RegexpHTMLParser
2025-12-10 16:21:31,115 INFO o.a.j.p.h.s.HTTPSamplerBase: Parser for text/css is org.apache.jmeter.protocol.http.parser.CssParser
2025-12-10 16:21:31,159 INFO o.a.j.JMeter: Creating summariser <summary>
2025-12-10 16:21:31,178 INFO o.a.j.r.d.ReportGenerator: ReportGenerator will use for Parsing the separator: ','
2025-12-10 16:21:31,179 INFO o.a.j.r.d.ReportGenerator: Will generate report at end of test from  results file: Results/results.jtl
2025-12-10 16:21:31,179 INFO o.a.j.r.d.ReportGenerator: Reading report generator properties from: C:\apache-jmeter-5.6.3\bin\reportgenerator.properties
2025-12-10 16:21:31,211 INFO o.a.j.r.d.ReportGenerator: Merging with JMeter properties
2025-12-10 16:21:31,223 INFO o.a.j.r.c.ReportGeneratorConfiguration: Property 'jmeter.reportgenerator.temp_dir' not found, using default value 'temp' instead.
2025-12-10 16:21:31,226 INFO o.a.j.r.c.ReportGeneratorConfiguration: Property 'jmeter.reportgenerator.apdex_per_transaction' not found, using default value 'null' instead.
2025-12-10 16:21:31,227 INFO o.a.j.r.c.ReportGeneratorConfiguration: apdex_per_transaction is empty, not APDEX per transaction customization
2025-12-10 16:21:31,227 INFO o.a.j.r.c.ReportGeneratorConfiguration: Property 'jmeter.reportgenerator.sample_filter' not found, using default value 'null' instead.
2025-12-10 16:21:31,227 INFO o.a.j.r.c.ReportGeneratorConfiguration: Property 'jmeter.reportgenerator.report_title' not found, using default value 'null' instead.
2025-12-10 16:21:31,227 INFO o.a.j.r.c.ReportGeneratorConfiguration: Property 'jmeter.reportgenerator.start_date' not found, using default value 'null' instead.
2025-12-10 16:21:31,227 INFO o.a.j.r.c.ReportGeneratorConfiguration: Property 'jmeter.reportgenerator.end_date' not found, using default value 'null' instead.
2025-12-10 16:21:31,227 INFO o.a.j.r.c.ReportGeneratorConfiguration: Property 'jmeter.reportgenerator.date_format' not found, using default value 'null' instead.
2025-12-10 16:21:31,228 INFO o.a.j.r.c.ReportGeneratorConfiguration: Will use date range start date: null, end date: null
2025-12-10 16:21:31,234 INFO o.a.j.r.c.ReportGeneratorConfiguration: Property 'jmeter.reportgenerator.graph.totalTPS.exclude_controllers' not found, using default value 'false' instead.
2025-12-10 16:21:31,235 INFO o.a.j.r.c.ReportGeneratorConfiguration: Property 'jmeter.reportgenerator.graph.activeThreadsOverTime.exclude_controllers' not found, using default value 'false' instead.
2025-12-10 16:21:31,235 INFO o.a.j.r.c.ReportGeneratorConfiguration: Property 'jmeter.reportgenerator.graph.timeVsThreads.exclude_controllers' not found, using default value 'false' instead.
2025-12-10 16:21:31,235 INFO o.a.j.r.c.ReportGeneratorConfiguration: Property 'jmeter.reportgenerator.graph.responseTimeDistribution.exclude_controllers' not found, using default value 'false' instead.
2025-12-10 16:21:31,235 INFO o.a.j.r.c.ReportGeneratorConfiguration: Property 'jmeter.reportgenerator.graph.transactionsPerSecond.exclude_controllers' not found, using default value 'false' instead.
2025-12-10 16:21:31,236 INFO o.a.j.r.c.ReportGeneratorConfiguration: Property 'jmeter.reportgenerator.graph.responseTimePercentiles.exclude_controllers' not found, using default value 'false' instead.
2025-12-10 16:21:31,236 INFO o.a.j.r.c.ReportGeneratorConfiguration: Property 'jmeter.reportgenerator.graph.responseTimePercentilesOverTime.exclude_controllers' not found, using default value 'false' instead.
2025-12-10 16:21:31,237 INFO o.a.j.r.c.ReportGeneratorConfiguration: Property 'jmeter.reportgenerator.graph.responseTimesOverTime.exclude_controllers' not found, using default value 'false' instead.
2025-12-10 16:21:31,237 INFO o.a.j.r.c.ReportGeneratorConfiguration: Property 'jmeter.reportgenerator.graph.connectTimeOverTime.exclude_controllers' not found, using default value 'false' instead.
2025-12-10 16:21:31,238 INFO o.a.j.r.c.ReportGeneratorConfiguration: Property 'jmeter.reportgenerator.graph.latenciesOverTime.exclude_controllers' not found, using default value 'false' instead.
2025-12-10 16:21:31,239 INFO o.a.j.r.c.ReportGeneratorConfiguration: Property 'jmeter.reportgenerator.exporter.json.filters_only_sample_series' not found, using default value 'true' instead.
2025-12-10 16:21:31,240 INFO o.a.j.r.c.ReportGeneratorConfiguration: Property 'jmeter.reportgenerator.exporter.json.series_filter' not found, using default value '' instead.
2025-12-10 16:21:31,240 INFO o.a.j.r.c.ReportGeneratorConfiguration: Property 'jmeter.reportgenerator.exporter.json.show_controllers_only' not found, using default value 'false' instead.
2025-12-10 16:21:31,240 INFO o.a.j.r.c.ReportGeneratorConfiguration: Property 'jmeter.reportgenerator.exporter.html.filters_only_sample_series' not found, using default value 'true' instead.
2025-12-10 16:21:31,240 INFO o.a.j.r.c.ReportGeneratorConfiguration: Property 'jmeter.reportgenerator.exporter.html.series_filter' not found, using default value '' instead.
2025-12-10 16:21:31,240 INFO o.a.j.r.c.ReportGeneratorConfiguration: Property 'jmeter.reportgenerator.exporter.html.show_controllers_only' not found, using default value 'false' instead.
2025-12-10 16:21:31,261 INFO o.a.j.e.StandardJMeterEngine: Running the test!
2025-12-10 16:21:31,262 INFO o.a.j.s.SampleEvent: List of sample_variables: []
2025-12-10 16:21:31,262 INFO o.a.j.s.SampleEvent: List of sample_variables: []
2025-12-10 16:21:31,268 INFO o.a.j.e.u.CompoundVariable: Note: Function class names must contain the string: '.functions.'
2025-12-10 16:21:31,268 INFO o.a.j.e.u.CompoundVariable: Note: Function class names must not contain the string: '.gui.'
2025-12-10 16:21:31,351 INFO o.a.j.r.ClassFinder: Will scan jar C:\apache-jmeter-5.6.3\lib\ext\jmeter-plugins-webdriver-4.13.0.2.jar with filter ExtendsClassFilter [parents=[interface org.apache.jmeter.functions.Function], inner=false, contains=null, notContains=null]. Consider exposing JMeter plugins via META-INF/services, and add JMeter-Skip-Class-Scanning=true manifest attribute so JMeter can skip classfile scanning
2025-12-10 16:21:31,376 INFO o.a.j.r.ClassFinder: Will scan jar C:\apache-jmeter-5.6.3\lib\ext\jmeter-plugins-manager-1.11.jar with filter ExtendsClassFilter [parents=[interface org.apache.jmeter.functions.Function], inner=false, contains=null, notContains=null]. Consider exposing JMeter plugins via META-INF/services, and add JMeter-Skip-Class-Scanning=true manifest attribute so JMeter can skip classfile scanning
2025-12-10 16:21:31,514 INFO o.a.j.r.ClassFinder: Will scan jar C:\apache-jmeter-5.6.3\lib\ext\jmeter-plugins-casutg-3.1.1.jar with filter ExtendsClassFilter [parents=[interface org.apache.jmeter.functions.Function], inner=false, contains=null, notContains=null]. Consider exposing JMeter plugins via META-INF/services, and add JMeter-Skip-Class-Scanning=true manifest attribute so JMeter can skip classfile scanning
2025-12-10 16:21:31,610 INFO o.a.j.JMeter: Running test (1765363891610)
2025-12-10 16:21:31,642 INFO o.a.j.e.StandardJMeterEngine: Starting ThreadGroup: 1 : load test
2025-12-10 16:21:31,642 INFO o.a.j.e.StandardJMeterEngine: Starting 10 threads for group load test.
2025-12-10 16:21:31,642 INFO o.a.j.e.StandardJMeterEngine: Thread will continue on error
2025-12-10 16:21:31,643 INFO k.a.j.t.AbstractSimpleThreadGroup: Starting thread group number 1 threads 10
2025-12-10 16:21:31,665 INFO k.a.j.t.AbstractSimpleThreadGroup: Started thread group number 1
2025-12-10 16:21:31,665 INFO o.a.j.e.StandardJMeterEngine: All thread groups have been started
2025-12-10 16:21:31,708 INFO o.a.j.s.SampleResult: Note: Sample TimeStamps are START times
2025-12-10 16:21:31,709 INFO o.a.j.s.SampleResult: sampleresult.default.encoding is set to UTF-8
2025-12-10 16:21:31,709 INFO o.a.j.s.SampleResult: sampleresult.useNanoTime=true
2025-12-10 16:21:31,709 INFO o.a.j.s.SampleResult: sampleresult.nanoThreadSleep=5000
2025-12-10 16:21:31,711 INFO o.a.j.t.JMeterThread: Thread started: load test 1-1
2025-12-10 16:21:31,713 INFO o.a.j.s.FileServer: Stored: C:/jmeterxam/login.txt
2025-12-10 16:21:31,727 INFO o.a.j.s.FileServer: Stored: C:/jmeterxam/register.txt
2025-12-10 16:21:31,742 INFO o.a.j.p.h.s.HTTPHCAbstractImpl: Local host = 814d2e9e0cf750c
2025-12-10 16:21:31,747 INFO o.a.j.p.h.s.HTTPHC4Impl: HTTP request retry count = 0
2025-12-10 16:21:31,829 INFO o.a.j.p.h.s.h.LazyLayeredConnectionSocketFactory: Setting up HTTPS TrustAll Socket Factory
2025-12-10 16:21:31,835 INFO o.a.j.u.JsseSSLManager: Using default SSL protocol: TLS
2025-12-10 16:21:31,835 INFO o.a.j.u.JsseSSLManager: SSL session context: per-thread
2025-12-10 16:21:32,059 INFO o.a.j.u.SSLManager: JmeterKeyStore Location:  type JKS
2025-12-10 16:21:32,062 INFO o.a.j.u.SSLManager: KeyStore created OK
2025-12-10 16:21:32,062 WARN o.a.j.u.SSLManager: Keystore file not found, loading empty keystore
2025-12-10 16:21:33,080 INFO o.a.j.r.Summariser: summary +      1 in 00:00:01 =    0.7/s Avg:  1258 Min:  1258 Max:  1258 Err:     0 (0.00%) Active: 1 Started: 1 Finished: 0
2025-12-10 16:21:46,644 INFO o.a.j.t.JMeterThread: Thread started: load test 1-2
2025-12-10 16:22:06,644 INFO o.a.j.t.JMeterThread: Thread started: load test 1-3
2025-12-10 16:22:21,643 INFO o.a.j.t.JMeterThread: Thread started: load test 1-4
2025-12-10 16:22:30,593 INFO o.a.j.r.Summariser: summary +      8 in 00:00:58 =    0.1/s Avg:   689 Min:   325 Max:  1265 Err:     0 (0.00%) Active: 4 Started: 4 Finished: 0
2025-12-10 16:22:30,593 INFO o.a.j.r.Summariser: summary =      9 in 00:00:59 =    0.2/s Avg:   752 Min:   325 Max:  1265 Err:     0 (0.00%)
2025-12-10 16:22:41,644 INFO o.a.j.t.JMeterThread: Thread started: load test 1-5
2025-12-10 16:22:56,643 INFO o.a.j.t.JMeterThread: Thread started: load test 1-6
2025-12-10 16:23:02,994 INFO o.a.j.r.Summariser: summary +     11 in 00:00:32 =    0.3/s Avg:   772 Min:   331 Max:  1347 Err:     0 (0.00%) Active: 6 Started: 6 Finished: 0
2025-12-10 16:23:02,995 INFO o.a.j.r.Summariser: summary =     20 in 00:01:31 =    0.2/s Avg:   763 Min:   325 Max:  1347 Err:     0 (0.00%)
2025-12-10 16:23:16,643 INFO o.a.j.t.JMeterThread: Thread started: load test 1-7
2025-12-10 16:23:20,748 WARN o.a.j.p.h.s.HTTPSamplerBase: Existing CookieManager HTTP Cookie Manager superseded by HTTP Cookie Manager
2025-12-10 16:23:22,491 WARN o.a.j.p.h.s.HTTPSamplerBase: Existing CookieManager HTTP Cookie Manager superseded by HTTP Cookie Manager
2025-12-10 16:23:31,644 INFO o.a.j.t.JMeterThread: Thread started: load test 1-8
2025-12-10 16:23:32,776 INFO o.a.j.r.Summariser: summary +     19 in 00:00:30 =    0.6/s Avg:   759 Min:   294 Max:  1827 Err:     0 (0.00%) Active: 8 Started: 8 Finished: 0
2025-12-10 16:23:32,777 INFO o.a.j.r.Summariser: summary =     39 in 00:02:01 =    0.3/s Avg:   761 Min:   294 Max:  1827 Err:     0 (0.00%)
2025-12-10 16:23:33,025 WARN o.a.j.p.h.s.HTTPSamplerBase: Existing CookieManager HTTP Cookie Manager superseded by HTTP Cookie Manager
2025-12-10 16:23:36,742 WARN o.a.j.p.h.s.HTTPSamplerBase: Existing CookieManager HTTP Cookie Manager superseded by HTTP Cookie Manager
2025-12-10 16:23:37,662 WARN o.a.j.p.h.s.HTTPSamplerBase: Existing CookieManager HTTP Cookie Manager superseded by HTTP Cookie Manager
2025-12-10 16:23:48,166 WARN o.a.j.p.h.s.HTTPSamplerBase: Existing CookieManager HTTP Cookie Manager superseded by HTTP Cookie Manager
2025-12-10 16:23:51,644 INFO o.a.j.t.JMeterThread: Thread started: load test 1-9
2025-12-10 16:23:54,023 WARN o.a.j.p.h.s.HTTPSamplerBase: Existing CookieManager HTTP Cookie Manager superseded by HTTP Cookie Manager
2025-12-10 16:23:55,153 WARN o.a.j.p.h.s.HTTPSamplerBase: Existing CookieManager HTTP Cookie Manager superseded by HTTP Cookie Manager
2025-12-10 16:24:00,834 INFO o.a.j.r.Summariser: summary +     20 in 00:00:28 =    0.7/s Avg:   682 Min:   308 Max:  1465 Err:     0 (0.00%) Active: 9 Started: 9 Finished: 0
2025-12-10 16:24:00,835 INFO o.a.j.r.Summariser: summary =     59 in 00:02:29 =    0.4/s Avg:   734 Min:   294 Max:  1827 Err:     0 (0.00%)
2025-12-10 16:24:06,256 WARN o.a.j.p.h.s.HTTPSamplerBase: Existing CookieManager HTTP Cookie Manager superseded by HTTP Cookie Manager
2025-12-10 16:24:06,643 INFO o.a.j.t.JMeterThread: Thread started: load test 1-10
2025-12-10 16:24:07,324 WARN o.a.j.p.h.s.HTTPSamplerBase: Existing CookieManager HTTP Cookie Manager superseded by HTTP Cookie Manager
2025-12-10 16:24:10,598 WARN o.a.j.p.h.s.HTTPSamplerBase: Existing CookieManager HTTP Cookie Manager superseded by HTTP Cookie Manager
2025-12-10 16:24:11,770 WARN o.a.j.p.h.s.HTTPSamplerBase: Existing CookieManager HTTP Cookie Manager superseded by HTTP Cookie Manager
2025-12-10 16:24:20,454 WARN o.a.j.p.h.s.HTTPSamplerBase: Existing CookieManager HTTP Cookie Manager superseded by HTTP Cookie Manager
2025-12-10 16:24:22,522 WARN o.a.j.p.h.s.HTTPSamplerBase: Existing CookieManager HTTP Cookie Manager superseded by HTTP Cookie Manager
2025-12-10 16:24:22,571 WARN o.a.j.p.h.s.HTTPSamplerBase: Existing CookieManager HTTP Cookie Manager superseded by HTTP Cookie Manager
2025-12-10 16:24:31,417 INFO o.a.j.r.Summariser: summary +     21 in 00:00:31 =    0.7/s Avg:   839 Min:   329 Max:  1995 Err:     0 (0.00%) Active: 10 Started: 10 Finished: 0
2025-12-10 16:24:31,418 INFO o.a.j.r.Summariser: summary =     80 in 00:03:00 =    0.4/s Avg:   762 Min:   294 Max:  1995 Err:     0 (0.00%)
2025-12-10 16:24:35,403 WARN o.a.j.p.h.s.HTTPSamplerBase: Existing CookieManager HTTP Cookie Manager superseded by HTTP Cookie Manager
2025-12-10 16:24:35,989 WARN o.a.j.p.h.s.HTTPSamplerBase: Existing CookieManager HTTP Cookie Manager superseded by HTTP Cookie Manager
2025-12-10 16:24:37,434 WARN o.a.j.p.h.s.HTTPSamplerBase: Existing CookieManager HTTP Cookie Manager superseded by HTTP Cookie Manager
2025-12-10 16:24:40,675 WARN o.a.j.p.h.s.HTTPSamplerBase: Existing CookieManager HTTP Cookie Manager superseded by HTTP Cookie Manager
2025-12-10 16:24:41,838 WARN o.a.j.p.h.s.HTTPSamplerBase: Existing CookieManager HTTP Cookie Manager superseded by HTTP Cookie Manager
2025-12-10 16:24:44,194 WARN o.a.j.p.h.s.HTTPSamplerBase: Existing CookieManager HTTP Cookie Manager superseded by HTTP Cookie Manager
2025-12-10 16:24:48,495 WARN o.a.j.p.h.s.HTTPSamplerBase: Existing CookieManager HTTP Cookie Manager superseded by HTTP Cookie Manager
2025-12-10 16:24:48,773 WARN o.a.j.p.h.s.HTTPSamplerBase: Existing CookieManager HTTP Cookie Manager superseded by HTTP Cookie Manager
2025-12-10 16:24:49,855 WARN o.a.j.p.h.s.HTTPSamplerBase: Existing CookieManager HTTP Cookie Manager superseded by HTTP Cookie Manager
2025-12-10 16:24:52,213 WARN o.a.j.p.h.s.HTTPSamplerBase: Existing CookieManager HTTP Cookie Manager superseded by HTTP Cookie Manager
2025-12-10 16:24:53,135 WARN o.a.j.p.h.s.HTTPSamplerBase: Existing CookieManager HTTP Cookie Manager superseded by HTTP Cookie Manager
2025-12-10 16:24:55,355 WARN o.a.j.p.h.s.HTTPSamplerBase: Existing CookieManager HTTP Cookie Manager superseded by HTTP Cookie Manager
2025-12-10 16:24:57,166 WARN o.a.j.p.h.s.HTTPSamplerBase: Existing CookieManager HTTP Cookie Manager superseded by HTTP Cookie Manager
2025-12-10 16:25:01,147 INFO o.a.j.r.Summariser: summary +     23 in 00:00:30 =    0.8/s Avg:  2444 Min:   849 Max:  5396 Err:     0 (0.00%) Active: 10 Started: 10 Finished: 0
2025-12-10 16:25:01,148 INFO o.a.j.r.Summariser: summary =    103 in 00:03:30 =    0.5/s Avg:  1137 Min:   294 Max:  5396 Err:     0 (0.00%)
2025-12-10 16:25:01,148 WARN o.a.j.p.h.s.HTTPSamplerBase: Existing CookieManager HTTP Cookie Manager superseded by HTTP Cookie Manager
2025-12-10 16:25:01,149 INFO o.a.j.t.JMeterThread: Thread finished: load test 1-2
2025-12-10 16:25:01,465 WARN o.a.j.p.h.s.HTTPSamplerBase: Existing CookieManager HTTP Cookie Manager superseded by HTTP Cookie Manager
2025-12-10 16:25:03,357 WARN o.a.j.p.h.s.HTTPSamplerBase: Existing CookieManager HTTP Cookie Manager superseded by HTTP Cookie Manager
2025-12-10 16:25:03,397 INFO o.a.j.t.JMeterThread: Stopping because end time detected by thread: load test 1-1
2025-12-10 16:25:03,398 INFO o.a.j.t.JMeterThread: Thread finished: load test 1-1
2025-12-10 16:25:13,768 WARN o.a.j.p.h.s.HTTPSamplerBase: Existing CookieManager HTTP Cookie Manager superseded by HTTP Cookie Manager
2025-12-10 16:25:15,736 WARN o.a.j.p.h.s.HTTPSamplerBase: Existing CookieManager HTTP Cookie Manager superseded by HTTP Cookie Manager
2025-12-10 16:25:24,414 WARN o.a.j.p.h.s.HTTPSamplerBase: Existing CookieManager HTTP Cookie Manager superseded by HTTP Cookie Manager
2025-12-10 16:25:25,774 WARN o.a.j.p.h.s.HTTPSamplerBase: Existing CookieManager HTTP Cookie Manager superseded by HTTP Cookie Manager
2025-12-10 16:25:26,295 WARN o.a.j.p.h.s.HTTPSamplerBase: Existing CookieManager HTTP Cookie Manager superseded by HTTP Cookie Manager
2025-12-10 16:25:28,489 WARN o.a.j.p.h.s.HTTPSamplerBase: Existing CookieManager HTTP Cookie Manager superseded by HTTP Cookie Manager
2025-12-10 16:25:29,857 WARN o.a.j.p.h.s.HTTPSamplerBase: Existing CookieManager HTTP Cookie Manager superseded by HTTP Cookie Manager
2025-12-10 16:25:29,857 INFO o.a.j.t.JMeterThread: Thread finished: load test 1-3
2025-12-10 16:25:32,192 INFO o.a.j.r.Summariser: summary +     20 in 00:00:31 =    0.6/s Avg:  3970 Min:   836 Max: 13769 Err:     0 (0.00%) Active: 7 Started: 10 Finished: 3
2025-12-10 16:25:32,193 INFO o.a.j.r.Summariser: summary =    123 in 00:04:01 =    0.5/s Avg:  1598 Min:   294 Max: 13769 Err:     0 (0.00%)
2025-12-10 16:25:32,194 INFO o.a.j.t.JMeterThread: Stopping because end time detected by thread: load test 1-4
2025-12-10 16:25:32,194 INFO o.a.j.t.JMeterThread: Thread finished: load test 1-4
2025-12-10 16:25:39,327 WARN o.a.j.p.h.s.HTTPSamplerBase: Existing CookieManager HTTP Cookie Manager superseded by HTTP Cookie Manager
2025-12-10 16:25:40,564 WARN o.a.j.p.h.s.HTTPSamplerBase: Existing CookieManager HTTP Cookie Manager superseded by HTTP Cookie Manager
2025-12-10 16:25:40,903 WARN o.a.j.p.h.s.HTTPSamplerBase: Existing CookieManager HTTP Cookie Manager superseded by HTTP Cookie Manager
2025-12-10 16:25:41,887 WARN o.a.j.p.h.s.HTTPSamplerBase: Existing CookieManager HTTP Cookie Manager superseded by HTTP Cookie Manager
2025-12-10 16:25:49,776 WARN o.a.j.p.h.s.HTTPSamplerBase: Existing CookieManager HTTP Cookie Manager superseded by HTTP Cookie Manager
2025-12-10 16:25:54,858 WARN o.a.j.p.h.s.HTTPSamplerBase: Existing CookieManager HTTP Cookie Manager superseded by HTTP Cookie Manager
2025-12-10 16:25:54,858 INFO o.a.j.t.JMeterThread: Thread finished: load test 1-6
2025-12-10 16:26:00,715 INFO o.a.j.r.Summariser: summary +     13 in 00:00:29 =    0.5/s Avg:  3580 Min:   673 Max:  9209 Err:     0 (0.00%) Active: 5 Started: 10 Finished: 5
2025-12-10 16:26:00,716 INFO o.a.j.r.Summariser: summary =    136 in 00:04:29 =    0.5/s Avg:  1787 Min:   294 Max: 13769 Err:     0 (0.00%)
2025-12-10 16:26:00,717 WARN o.a.j.p.h.s.HTTPSamplerBase: Existing CookieManager HTTP Cookie Manager superseded by HTTP Cookie Manager
2025-12-10 16:26:00,717 INFO o.a.j.t.JMeterThread: Thread finished: load test 1-5
2025-12-10 16:26:02,438 WARN o.a.j.p.h.s.HTTPSamplerBase: Existing CookieManager HTTP Cookie Manager superseded by HTTP Cookie Manager
2025-12-10 16:26:02,438 INFO o.a.j.t.JMeterThread: Thread finished: load test 1-8
2025-12-10 16:26:02,584 WARN o.a.j.p.h.s.HTTPSamplerBase: Existing CookieManager HTTP Cookie Manager superseded by HTTP Cookie Manager
2025-12-10 16:26:04,726 WARN o.a.j.p.h.s.HTTPSamplerBase: Existing CookieManager HTTP Cookie Manager superseded by HTTP Cookie Manager
2025-12-10 16:26:17,040 WARN o.a.j.p.h.s.HTTPSamplerBase: Existing CookieManager HTTP Cookie Manager superseded by HTTP Cookie Manager
2025-12-10 16:26:17,362 WARN o.a.j.p.h.s.HTTPSamplerBase: Existing CookieManager HTTP Cookie Manager superseded by HTTP Cookie Manager
2025-12-10 16:26:18,277 WARN o.a.j.p.h.s.HTTPSamplerBase: Existing CookieManager HTTP Cookie Manager superseded by HTTP Cookie Manager
2025-12-10 16:26:21,610 WARN o.a.j.p.h.s.HTTPSamplerBase: Existing CookieManager HTTP Cookie Manager superseded by HTTP Cookie Manager
2025-12-10 16:26:34,620 INFO o.a.j.r.Summariser: summary +      9 in 00:00:34 =    0.3/s Avg:  2890 Min:  2119 Max:  4856 Err:     0 (0.00%) Active: 3 Started: 10 Finished: 7
2025-12-10 16:26:34,621 INFO o.a.j.r.Summariser: summary =    145 in 00:05:03 =    0.5/s Avg:  1856 Min:   294 Max: 13769 Err:     0 (0.00%)
2025-12-10 16:26:34,622 INFO o.a.j.t.JMeterThread: Stopping because end time detected by thread: load test 1-7
2025-12-10 16:26:34,622 INFO o.a.j.t.JMeterThread: Thread finished: load test 1-7
2025-12-10 16:26:41,371 WARN o.a.j.p.h.s.HTTPSamplerBase: Existing CookieManager HTTP Cookie Manager superseded by HTTP Cookie Manager
2025-12-10 16:26:41,372 INFO o.a.j.t.JMeterThread: Thread finished: load test 1-10
2025-12-10 16:26:56,020 WARN o.a.j.p.h.s.HTTPSamplerBase: Existing CookieManager HTTP Cookie Manager superseded by HTTP Cookie Manager
2025-12-10 16:26:56,021 INFO o.a.j.t.JMeterThread: Thread finished: load test 1-9
2025-12-10 16:26:56,022 INFO o.a.j.e.StandardJMeterEngine: Notifying test listeners of end of test
2025-12-10 16:26:56,023 INFO o.a.j.s.FileServer: Close: C:/jmeterxam/register.txt
2025-12-10 16:26:56,023 INFO o.a.j.s.FileServer: Close: C:/jmeterxam/login.txt
2025-12-10 16:26:56,025 INFO o.a.j.r.Summariser: summary +      2 in 00:00:21 =    0.1/s Avg:  7434 Min:  5304 Max:  9565 Err:     0 (0.00%) Active: 0 Started: 10 Finished: 10
2025-12-10 16:26:56,025 INFO o.a.j.r.Summariser: summary =    147 in 00:05:24 =    0.5/s Avg:  1932 Min:   294 Max: 13769 Err:     0 (0.00%)
2025-12-10 16:26:56,026 INFO o.a.j.JMeter: Generating Dashboard
2025-12-10 16:26:56,027 INFO o.a.j.r.d.ReportGenerator: Flushing result collector before report Generation
2025-12-10 16:26:56,078 INFO o.a.j.r.p.NormalizerSampleConsumer: Using format, 'ms', to parse timeStamp field
2025-12-10 16:26:56,944 INFO o.a.j.r.p.AbstractSampleConsumer: class org.apache.jmeter.report.processor.AggregateConsumer#stopProducing(): beginDate produced 0 samples
2025-12-10 16:26:56,944 INFO o.a.j.r.p.AbstractSampleConsumer: class org.apache.jmeter.report.processor.AggregateConsumer#stopProducing(): endDate produced 0 samples
2025-12-10 16:26:56,946 INFO o.a.j.r.p.AbstractSampleConsumer: class org.apache.jmeter.report.processor.ApdexSummaryConsumer#stopProducing(): apdexSummary produced 0 samples
2025-12-10 16:26:56,946 INFO o.a.j.r.p.AbstractSampleConsumer: class org.apache.jmeter.report.processor.RequestsSummaryConsumer#stopProducing(): requestsSummary produced 0 samples
2025-12-10 16:26:56,955 INFO o.a.j.r.p.AbstractSampleConsumer: class org.apache.jmeter.report.processor.StatisticsSummaryConsumer#stopProducing(): statisticsSummary produced 0 samples
2025-12-10 16:26:56,957 INFO o.a.j.r.p.AbstractSampleConsumer: class org.apache.jmeter.report.processor.Top5ErrorsBySamplerConsumer#stopProducing(): top5ErrorsBySampler produced 0 samples
2025-12-10 16:26:56,957 INFO o.a.j.r.p.AbstractSampleConsumer: class org.apache.jmeter.report.processor.ErrorsSummaryConsumer#stopProducing(): errorsSummary produced 0 samples
2025-12-10 16:26:56,957 INFO o.a.j.r.p.AbstractSampleConsumer: class org.apache.jmeter.report.processor.graph.impl.HitsPerSecondGraphConsumer#stopProducing(): hitsPerSecond produced 0 samples
2025-12-10 16:26:57,019 INFO o.a.j.r.p.AbstractSampleConsumer: class org.apache.jmeter.report.processor.graph.impl.LatencyVSRequestGraphConsumer#stopProducing(): latencyVsRequest produced 0 samples
2025-12-10 16:26:57,019 INFO o.a.j.r.p.AbstractSampleConsumer: class org.apache.jmeter.report.processor.graph.impl.SyntheticResponseTimeDistributionGraphConsumer#stopProducing(): syntheticResponseTimeDistribution produced 0 samples
2025-12-10 16:26:57,019 INFO o.a.j.r.p.AbstractSampleConsumer: class org.apache.jmeter.report.processor.graph.impl.BytesThroughputGraphConsumer#stopProducing(): bytesThroughputOverTime produced 0 samples
2025-12-10 16:26:57,020 INFO o.a.j.r.p.AbstractSampleConsumer: class org.apache.jmeter.report.processor.graph.impl.CodesPerSecondGraphConsumer#stopProducing(): codesPerSecond produced 0 samples
2025-12-10 16:26:57,067 INFO o.a.j.r.p.AbstractSampleConsumer: class org.apache.jmeter.report.processor.graph.impl.ResponseTimeVSRequestGraphConsumer#stopProducing(): responseTimeVsRequest produced 0 samples
2025-12-10 16:26:57,067 INFO o.a.j.r.p.AbstractSampleConsumer: class org.apache.jmeter.report.processor.FilterConsumer#stopProducing(): startIntervalControlerFilter produced 1435 samples
2025-12-10 16:26:57,067 INFO o.a.j.r.p.AbstractSampleConsumer: class org.apache.jmeter.report.processor.graph.impl.TotalTPSGraphConsumer#stopProducing(): totalTPS produced 0 samples
2025-12-10 16:26:57,067 INFO o.a.j.r.p.AbstractSampleConsumer: class org.apache.jmeter.report.processor.graph.impl.ActiveThreadsGraphConsumer#stopProducing(): activeThreadsOverTime produced 0 samples
2025-12-10 16:26:57,068 INFO o.a.j.r.p.AbstractSampleConsumer: class org.apache.jmeter.report.processor.graph.impl.TimeVSThreadGraphConsumer#stopProducing(): timeVsThreads produced 0 samples
2025-12-10 16:26:57,069 INFO o.a.j.r.p.AbstractSampleConsumer: class org.apache.jmeter.report.processor.graph.impl.ResponseTimeDistributionGraphConsumer#stopProducing(): responseTimeDistribution produced 0 samples
2025-12-10 16:26:57,070 INFO o.a.j.r.p.AbstractSampleConsumer: class org.apache.jmeter.report.processor.graph.impl.TransactionsPerSecondGraphConsumer#stopProducing(): transactionsPerSecond produced 0 samples
2025-12-10 16:26:57,070 INFO o.a.j.r.p.AbstractSampleConsumer: class org.apache.jmeter.report.processor.graph.impl.ResponseTimePercentilesGraphConsumer#stopProducing(): responseTimePercentiles produced 0 samples
2025-12-10 16:26:57,077 INFO o.a.j.r.p.AbstractSampleConsumer: class org.apache.jmeter.report.processor.graph.impl.ResponseTimePercentilesOverTimeGraphConsumer#stopProducing(): responseTimePercentilesOverTime produced 0 samples
2025-12-10 16:26:57,078 INFO o.a.j.r.p.AbstractSampleConsumer: class org.apache.jmeter.report.processor.graph.impl.ResponseTimeOverTimeGraphConsumer#stopProducing(): responseTimesOverTime produced 0 samples
2025-12-10 16:26:57,078 INFO o.a.j.r.p.AbstractSampleConsumer: class org.apache.jmeter.report.processor.graph.impl.ConnectTimeOverTimeGraphConsumer#stopProducing(): connectTimeOverTime produced 0 samples
2025-12-10 16:26:57,078 INFO o.a.j.r.p.AbstractSampleConsumer: class org.apache.jmeter.report.processor.graph.impl.LatencyOverTimeGraphConsumer#stopProducing(): latenciesOverTime produced 0 samples
2025-12-10 16:26:57,078 INFO o.a.j.r.p.AbstractSampleConsumer: class org.apache.jmeter.report.processor.FilterConsumer#stopProducing(): nameFilter produced 3225 samples
2025-12-10 16:26:57,078 INFO o.a.j.r.p.AbstractSampleConsumer: class org.apache.jmeter.report.processor.FilterConsumer#stopProducing(): dateRangeFilter produced 645 samples
2025-12-10 16:26:57,078 INFO o.a.j.r.p.AbstractSampleConsumer: class org.apache.jmeter.report.processor.NormalizerSampleConsumer#stopProducing(): normalizer produced 215 samples
2025-12-10 16:26:57,079 INFO o.a.j.r.p.CsvFileSampleSource: produce(): 215 samples produced in 671ms on channel 0
2025-12-10 16:26:57,079 INFO o.a.j.r.d.ReportGenerator: Exporting data using exporter:'json' of className:'org.apache.jmeter.report.dashboard.JsonExporter'
2025-12-10 16:26:57,208 INFO o.a.j.r.d.JsonExporter: Found data for consumer statisticsSummary in context
2025-12-10 16:26:57,208 INFO o.a.j.r.d.JsonExporter: Creating statistics for overall
2025-12-10 16:26:57,209 INFO o.a.j.r.d.JsonExporter: Creating statistics for other transactions
2025-12-10 16:26:57,210 INFO o.a.j.r.d.JsonExporter: Checking output folder
2025-12-10 16:26:57,211 INFO o.a.j.r.d.JsonExporter: Writing statistics JSON to C:\jmeterxam\Results\statistics.json
2025-12-10 16:26:57,282 INFO o.a.j.r.d.ReportGenerator: Exporting data using exporter:'html' of className:'org.apache.jmeter.report.dashboard.HtmlTemplateExporter'
2025-12-10 16:26:57,285 INFO o.a.j.r.d.HtmlTemplateExporter: Will generate dashboard in folder: C:\jmeterxam\Results
2025-12-10 16:26:57,555 INFO o.a.j.r.d.HtmlTemplateExporter: Report will be generated in: C:\jmeterxam\Results, creating folder structure
2025-12-10 16:26:57,559 INFO o.a.j.r.d.TemplateVisitor: Copying folder from 'C:\apache-jmeter-5.6.3\bin\report-template' to 'C:\jmeterxam\Results', got message: C:\jmeterxam\Results, found non empty folder with following content [C:\jmeterxam\Results\results.jtl, C:\jmeterxam\Results\statistics.json], will be ignored
2025-12-10 16:26:58,856 INFO o.a.j.JMeter: Dashboard generated
